SF:lib/src/dummies/confitures.dart
DA:80,0
DA:81,0
DA:86,0
DA:87,0
DA:88,0
DA:97,0
DA:101,0
DA:106,0
DA:107,0
DA:108,0
DA:117,0
DA:121,0
DA:126,0
DA:127,0
DA:128,0
DA:137,0
DA:141,0
DA:146,0
DA:147,0
DA:148,0
DA:156,0
DA:160,0
DA:165,0
DA:166,0
DA:167,0
DA:176,0
DA:180,0
DA:185,0
DA:186,0
DA:187,0
DA:196,0
DA:200,0
DA:205,0
DA:206,0
DA:207,0
DA:216,0
DA:220,0
DA:225,0
DA:226,0
DA:227,0
DA:236,0
DA:240,0
DA:245,0
DA:246,0
DA:247,0
DA:255,0
DA:259,0
DA:264,0
DA:265,0
DA:266,0
DA:275,0
DA:279,0
DA:284,0
DA:285,0
DA:286,0
DA:295,0
DA:299,0
DA:304,0
DA:305,0
DA:306,0
DA:315,0
DA:319,0
DA:324,0
DA:325,0
DA:326,0
DA:335,0
DA:339,0
DA:344,0
DA:345,0
DA:346,0
DA:355,0
LF:71
LH:0
end_of_record
SF:lib/src/models/article_photo.dart
DA:6,27
DA:11,1
DA:12,1
DA:13,2
DA:14,2
DA:15,1
DA:16,2
DA:20,1
DA:21,2
DA:30,1
DA:31,2
DA:33,0
DA:39,0
DA:40,0
DA:41,0
DA:42,0
DA:43,0
DA:47,0
DA:51,0
DA:52,0
DA:53,0
DA:54,0
DA:55,0
DA:58,0
DA:60,0
LF:25
LH:11
end_of_record
SF:lib/src/models/article_retail.dart
DA:12,0
DA:16,0
DA:18,0
DA:22,0
DA:23,7
DA:37,7
DA:49,21
DA:59,7
DA:60,7
DA:61,7
DA:65,0
DA:75,0
DA:79,0
DA:83,0
DA:84,0
DA:85,0
DA:86,0
DA:87,0
DA:88,0
DA:89,0
DA:90,0
DA:91,0
DA:92,0
DA:93,0
DA:94,0
DA:96,0
DA:99,5
DA:101,5
DA:102,5
DA:103,5
DA:104,5
DA:105,5
DA:106,5
DA:107,5
DA:108,5
DA:109,5
DA:110,10
DA:111,10
DA:112,10
DA:113,5
DA:117,4
DA:118,4
DA:119,4
DA:120,4
DA:121,0
DA:122,0
DA:123,0
DA:124,4
DA:125,4
DA:126,12
DA:127,12
DA:128,12
DA:129,4
DA:130,4
DA:131,4
DA:132,0
DA:133,8
DA:134,4
DA:135,0
DA:136,8
DA:138,4
DA:139,4
DA:140,0
DA:141,8
DA:145,1
DA:146,2
DA:148,1
DA:149,2
DA:151,0
DA:167,0
DA:168,0
DA:169,0
DA:170,0
DA:171,0
DA:172,0
DA:173,0
DA:174,0
DA:175,0
DA:176,0
DA:177,0
DA:178,0
DA:179,0
DA:183,2
DA:187,2
DA:188,6
DA:189,6
DA:190,6
DA:191,6
DA:192,6
DA:193,6
DA:194,6
DA:195,6
DA:198,0
DA:199,0
LF:94
LH:52
end_of_record
SF:lib/src/models/article_calibre.dart
DA:28,0
DA:29,0
DA:30,0
DA:31,0
DA:33,3
DA:45,9
DA:46,3
DA:58,0
DA:60,0
DA:62,0
DA:63,0
DA:64,0
DA:65,0
DA:68,9
DA:70,6
DA:73,3
DA:74,3
DA:78,0
DA:80,0
DA:83,0
DA:87,3
DA:91,1
DA:92,1
DA:95,1
DA:96,2
DA:99,1
DA:101,1
DA:102,1
DA:103,1
DA:104,1
DA:105,2
DA:106,1
DA:107,1
DA:108,1
DA:109,2
DA:110,5
DA:111,2
DA:112,0
DA:113,2
DA:114,0
DA:116,2
DA:120,0
DA:122,0
DA:123,0
DA:124,0
DA:125,0
DA:126,0
DA:127,0
DA:128,0
DA:129,0
DA:130,0
DA:131,0
DA:132,0
DA:133,0
DA:134,0
DA:135,0
DA:136,0
DA:137,0
DA:138,0
DA:139,0
DA:140,0
DA:141,0
DA:142,0
DA:143,0
DA:147,0
DA:149,0
DA:150,0
DA:151,0
DA:152,0
DA:153,0
DA:154,0
DA:155,0
DA:156,0
DA:157,0
DA:158,0
DA:159,0
DA:160,0
DA:161,0
DA:162,0
DA:163,0
DA:164,0
DA:165,0
DA:166,0
DA:167,0
DA:168,0
DA:169,0
DA:170,0
DA:174,1
DA:175,2
DA:177,1
DA:178,1
DA:179,1
DA:180,1
DA:181,1
DA:182,2
DA:183,1
DA:184,0
DA:185,2
DA:186,1
DA:187,0
DA:188,2
DA:189,1
DA:190,1
DA:191,0
DA:192,2
DA:193,4
DA:194,0
DA:195,1
DA:196,3
DA:197,2
DA:198,0
DA:200,1
DA:204,1
DA:205,0
DA:206,3
DA:210,1
DA:211,2
DA:213,1
DA:227,1
DA:229,0
DA:230,1
DA:231,1
DA:232,1
DA:233,1
DA:234,1
DA:236,0
DA:237,1
DA:238,1
DA:239,1
DA:243,0
DA:244,0
DA:246,0
DA:249,0
DA:250,0
DA:251,0
DA:252,0
DA:253,0
DA:254,0
DA:256,0
DA:257,0
DA:258,0
DA:259,0
DA:263,0
DA:264,0
LF:144
LH:60
end_of_record
SF:lib/src/extensions/double.dart
DA:4,0
DA:5,0
DA:6,0
DA:12,4
DA:13,4
DA:14,12
LF:6
LH:3
end_of_record
SF:lib/src/extensions/string_no_accents.dart
DA:7,0
DA:8,0
DA:9,0
LF:3
LH:0
end_of_record
SF:lib/src/models/article_basket.dart
DA:18,2
DA:32,2
DA:44,1
DA:46,1
DA:47,2
DA:48,1
DA:49,1
DA:54,1
DA:58,1
DA:59,2
DA:60,1
DA:61,1
DA:66,4
DA:73,2
DA:74,2
DA:76,4
DA:77,2
DA:81,1
DA:82,1
DA:83,1
DA:84,1
DA:85,0
DA:86,0
DA:87,0
DA:88,1
DA:89,1
DA:90,3
DA:91,1
DA:92,1
DA:93,1
DA:94,1
DA:95,0
DA:96,2
DA:97,1
DA:98,0
DA:99,2
DA:100,1
DA:101,1
DA:102,4
DA:103,0
DA:104,1
DA:105,0
DA:106,2
DA:107,1
DA:110,1
DA:111,2
DA:113,1
DA:115,1
DA:116,5
DA:117,1
DA:118,1
DA:119,1
DA:120,1
DA:121,1
DA:122,1
DA:123,2
DA:124,2
DA:125,2
DA:126,1
DA:130,0
DA:134,0
DA:135,0
DA:136,0
DA:137,0
DA:138,0
DA:139,0
DA:140,0
DA:141,0
DA:142,0
DA:143,0
DA:144,0
DA:145,0
DA:148,1
DA:149,2
DA:151,1
DA:165,1
DA:166,0
DA:167,0
DA:168,0
DA:169,1
DA:170,1
DA:172,1
DA:173,1
DA:174,1
DA:175,1
DA:176,1
DA:177,0
DA:181,0
DA:184,0
DA:185,0
DA:186,0
DA:187,0
DA:188,0
DA:189,0
DA:190,0
DA:193,0
DA:194,0
LF:97
LH:63
end_of_record
SF:lib/src/models/proxy_article_worth.dart
DA:7,2
DA:9,4
DA:10,10
DA:15,2
DA:17,4
DA:18,10
DA:27,0
DA:30,0
DA:32,2
DA:43,2
DA:54,2
DA:56,2
DA:57,2
DA:58,2
DA:61,2
DA:62,2
DA:63,2
DA:64,2
DA:65,2
DA:66,2
DA:67,2
DA:70,0
DA:82,0
DA:95,0
DA:96,0
DA:97,0
DA:98,0
DA:99,0
DA:100,0
DA:101,0
DA:102,0
DA:103,0
DA:104,0
DA:105,0
DA:109,0
DA:111,0
DA:112,0
DA:113,0
DA:114,0
DA:115,0
DA:116,0
DA:117,0
DA:118,0
DA:119,0
DA:120,0
DA:121,0
DA:125,0
DA:126,0
DA:127,0
DA:128,0
DA:129,0
DA:130,0
DA:131,0
DA:132,0
DA:134,0
DA:135,0
DA:136,0
DA:137,0
DA:138,0
DA:139,0
DA:141,0
DA:142,0
DA:144,0
DA:145,0
DA:147,0
DA:150,0
DA:151,0
DA:153,0
DA:154,0
DA:156,0
DA:158,0
DA:161,0
DA:165,0
DA:166,0
DA:167,0
DA:168,0
DA:169,0
DA:170,0
DA:171,0
DA:172,0
DA:175,2
DA:177,6
DA:178,6
DA:179,6
DA:180,6
DA:181,6
DA:182,6
DA:183,4
LF:88
LH:27
end_of_record
SF:lib/src/models/article_min_qt.dart
DA:7,0
DA:19,0
DA:29,0
DA:32,0
DA:33,0
DA:34,0
DA:35,0
DA:36,0
DA:37,0
DA:40,0
DA:46,0
DA:47,0
DA:48,0
DA:51,0
DA:52,0
LF:15
LH:0
end_of_record
SF:lib/src/models/price_and_cost.dart
DA:5,20
DA:7,4
DA:10,4
DA:12,8
DA:13,8
DA:16,0
DA:17,0
DA:20,0
DA:21,0
DA:24,0
DA:25,0
DA:28,0
DA:29,0
DA:32,0
DA:42,20
DA:43,4
DA:47,4
DA:49,12
DA:50,12
DA:53,12
DA:54,12
DA:57,12
DA:58,12
DA:61,12
DA:62,12
DA:65,12
LF:26
LH:17
end_of_record
SF:lib/src/models/basket_abstract.dart
DA:5,0
LF:1
LH:0
end_of_record
SF:lib/src/models/basket_wrapper.dart
DA:10,0
DA:13,0
DA:18,0
DA:19,0
DA:20,0
DA:21,0
LF:6
LH:0
end_of_record
SF:lib/src/models/contact_weebi.dart
DA:8,0
DA:19,1
DA:35,1
DA:48,0
DA:49,0
DA:50,0
DA:51,0
DA:52,0
DA:53,0
DA:56,3
DA:62,1
DA:63,1
DA:64,1
DA:69,1
DA:71,1
DA:72,1
DA:73,1
DA:74,1
DA:75,1
DA:76,2
DA:77,1
DA:78,1
DA:79,1
DA:80,2
DA:81,2
DA:82,2
DA:83,1
DA:84,1
DA:85,1
DA:86,2
DA:90,1
DA:91,2
DA:93,1
DA:94,1
DA:95,1
DA:96,1
DA:97,1
DA:98,1
DA:99,2
DA:100,1
DA:101,1
DA:102,1
DA:103,1
DA:104,0
DA:105,2
DA:106,1
DA:107,0
DA:108,2
DA:109,1
DA:110,0
DA:111,2
DA:112,1
DA:113,1
DA:114,1
DA:115,2
DA:118,1
DA:119,2
DA:121,0
DA:141,0
DA:142,0
DA:143,0
DA:144,0
DA:145,0
DA:146,0
DA:147,0
DA:148,0
DA:149,0
DA:150,0
DA:151,0
DA:152,0
DA:153,0
DA:154,0
DA:155,0
DA:156,0
DA:160,1
DA:164,1
DA:165,3
DA:166,3
DA:167,3
DA:170,0
DA:172,0
LF:81
LH:52
end_of_record
SF:lib/src/models/tristate.dart
DA:3,13
DA:5,1
DA:6,1
DA:12,1
DA:14,1
DA:16,0
DA:18,0
DA:21,0
DA:26,0
DA:27,0
DA:29,0
DA:31,0
LF:12
LH:5
end_of_record
SF:lib/src/models/environment_w.dart
DA:4,13
DA:5,0
DA:12,0
DA:14,0
DA:16,0
DA:18,0
DA:20,0
DA:27,0
LF:8
LH:1
end_of_record
SF:lib/src/models/herder.dart
DA:9,13
DA:11,0
DA:12,0
DA:19,0
DA:21,0
DA:23,0
DA:25,0
DA:27,0
DA:30,0
DA:35,0
DA:36,0
DA:38,0
DA:40,0
DA:42,0
DA:54,0
DA:55,0
DA:56,0
DA:57,0
DA:58,0
DA:59,0
DA:64,1
DA:88,1
DA:112,0
DA:113,0
DA:114,0
DA:115,0
DA:116,0
DA:117,0
DA:118,0
DA:124,3
DA:132,1
DA:133,1
DA:138,0
DA:154,0
DA:156,0
DA:158,1
DA:159,2
DA:161,1
DA:162,1
DA:163,1
DA:165,1
DA:166,1
DA:167,1
DA:168,1
DA:169,1
DA:170,1
DA:171,1
DA:172,1
DA:173,0
DA:174,2
DA:175,1
DA:176,0
DA:177,2
DA:178,1
DA:179,1
DA:181,1
DA:182,1
DA:183,1
DA:184,1
DA:185,1
DA:186,1
DA:187,1
DA:188,1
DA:189,1
DA:192,3
DA:194,0
DA:219,0
DA:220,0
DA:222,0
DA:223,0
DA:224,0
DA:225,0
DA:226,0
DA:227,0
DA:228,0
DA:229,0
DA:230,0
DA:231,0
DA:232,0
DA:233,0
DA:234,0
DA:235,0
DA:236,0
DA:237,0
DA:238,0
DA:239,0
DA:241,0
DA:242,0
DA:246,1
DA:250,1
DA:251,3
DA:252,3
DA:253,3
DA:256,0
DA:258,0
DA:259,0
DA:260,0
DA:261,0
DA:262,0
DA:263,0
DA:264,0
DA:265,0
DA:267,0
DA:268,0
LF:104
LH:39
end_of_record
SF:lib/src/models/item_cart_abstract.dart
DA:14,3
DA:15,3
DA:16,6
DA:18,0
DA:19,0
DA:21,3
DA:23,3
DA:24,6
DA:25,3
DA:26,9
DA:30,1
DA:31,2
DA:33,0
DA:36,0
DA:38,0
DA:39,0
DA:40,0
DA:41,0
DA:44,0
DA:46,0
LF:20
LH:10
end_of_record
SF:lib/src/models/item_cart_weebi.dart
DA:14,3
DA:15,1
DA:16,0
DA:17,0
DA:18,0
DA:19,0
DA:20,0
DA:21,0
DA:24,1
DA:25,4
DA:32,0
DA:33,0
DA:34,0
DA:35,0
DA:36,0
DA:40,0
DA:46,3
DA:50,3
DA:56,4
DA:58,15
DA:60,0
DA:61,0
DA:64,0
DA:66,0
DA:68,0
DA:69,0
DA:70,0
DA:71,0
DA:73,0
DA:77,0
DA:78,0
DA:79,0
DA:80,0
DA:82,0
DA:86,0
DA:88,0
DA:89,0
DA:90,0
DA:91,0
DA:93,0
DA:94,0
DA:95,0
DA:96,0
DA:97,0
DA:98,0
DA:99,0
DA:100,0
DA:102,0
DA:110,0
DA:112,0
DA:113,0
DA:114,0
DA:115,0
DA:117,0
DA:119,0
DA:120,0
DA:122,0
DA:123,0
DA:124,0
DA:126,0
DA:134,1
DA:135,2
DA:137,2
DA:138,4
DA:139,2
DA:140,0
DA:143,0
DA:144,0
DA:145,0
DA:146,0
DA:147,0
DA:148,0
DA:149,0
DA:150,0
DA:154,2
DA:155,2
DA:156,6
DA:157,6
DA:158,2
DA:162,0
DA:166,0
DA:167,0
DA:168,0
DA:169,0
DA:173,2
DA:176,2
DA:177,2
DA:178,6
DA:179,6
DA:180,6
DA:183,0
DA:184,0
LF:92
LH:24
end_of_record
SF:lib/src/models/proxy_article.dart
DA:9,2
DA:11,2
DA:21,3
DA:30,3
DA:39,9
DA:49,1
DA:59,1
DA:60,0
DA:61,0
DA:62,0
DA:63,0
DA:64,0
DA:65,1
DA:66,0
DA:67,1
DA:71,2
DA:73,2
DA:74,2
DA:75,2
DA:76,2
DA:77,2
DA:78,2
DA:79,2
DA:80,2
DA:81,2
DA:85,2
DA:86,2
DA:87,2
DA:88,2
DA:89,0
DA:90,0
DA:91,0
DA:92,2
DA:93,2
DA:94,2
DA:95,2
DA:96,0
DA:97,0
DA:99,2
DA:100,2
DA:101,2
DA:103,4
DA:104,2
DA:106,4
DA:110,1
DA:111,2
DA:113,1
DA:114,2
DA:116,1
DA:120,1
DA:121,3
DA:122,3
DA:123,3
DA:124,3
DA:125,3
DA:126,3
DA:127,3
DA:130,0
DA:133,0
DA:134,0
DA:135,0
DA:136,0
DA:137,0
DA:138,0
DA:139,0
DA:141,2
DA:142,2
DA:143,4
DA:144,10
DA:145,2
DA:146,3
DA:147,3
DA:148,1
DA:157,2
DA:158,2
DA:159,4
DA:160,10
DA:161,2
DA:162,3
DA:163,3
DA:164,1
LF:81
LH:62
end_of_record
SF:lib/src/models/shop_weebi.dart
DA:11,0
DA:12,0
DA:13,0
DA:17,0
DA:18,0
DA:19,0
DA:21,0
DA:22,0
DA:23,0
DA:24,0
DA:26,0
DA:37,0
DA:38,1
DA:63,1
DA:86,0
DA:87,0
DA:88,0
DA:89,0
DA:90,0
DA:91,0
DA:92,0
DA:93,0
DA:96,3
DA:109,1
DA:111,1
DA:113,1
DA:119,0
DA:132,0
DA:134,0
DA:136,0
DA:142,0
DA:169,0
DA:170,0
DA:171,0
DA:172,0
DA:173,0
DA:174,0
DA:175,0
DA:176,0
DA:177,0
DA:178,0
DA:179,0
DA:180,0
DA:181,0
DA:182,0
DA:183,0
DA:184,0
DA:185,0
DA:186,0
DA:188,0
DA:189,0
DA:190,0
DA:191,0
DA:192,0
DA:193,0
DA:197,1
DA:199,1
DA:200,1
DA:201,1
DA:202,1
DA:203,1
DA:204,1
DA:205,1
DA:206,1
DA:207,1
DA:208,1
DA:209,1
DA:210,1
DA:211,1
DA:212,1
DA:213,2
DA:214,1
DA:215,2
DA:216,1
DA:217,2
DA:218,1
DA:219,1
DA:220,1
DA:221,1
DA:222,1
DA:226,1
DA:227,1
DA:228,1
DA:229,1
DA:230,1
DA:231,0
DA:233,1
DA:234,1
DA:235,1
DA:236,1
DA:237,1
DA:238,1
DA:239,1
DA:240,1
DA:241,1
DA:242,1
DA:243,1
DA:244,0
DA:245,2
DA:246,1
DA:247,1
DA:248,0
DA:249,2
DA:250,1
DA:251,1
DA:252,0
DA:253,2
DA:254,1
DA:255,1
DA:256,3
DA:257,1
DA:258,1
DA:259,0
DA:260,1
DA:261,1
DA:262,0
DA:265,1
DA:266,2
DA:268,1
DA:269,2
DA:271,0
DA:273,0
DA:276,1
DA:280,1
DA:281,3
DA:282,3
DA:283,3
DA:286,0
DA:287,0
LF:129
LH:70
end_of_record
SF:lib/src/models/taxe_weebi.dart
DA:6,15
DA:10,2
DA:14,2
DA:16,2
DA:17,2
DA:18,2
DA:19,2
DA:23,2
DA:24,2
DA:25,2
DA:26,2
DA:27,6
DA:30,1
DA:31,2
DA:33,1
DA:34,2
DA:36,1
DA:38,1
DA:39,3
DA:40,3
DA:41,3
DA:44,0
DA:45,0
LF:23
LH:21
end_of_record
SF:lib/src/models/ticket_mixin_weebi_base.dart
DA:8,0
DA:10,0
DA:11,0
DA:12,0
DA:14,0
DA:15,0
DA:16,0
DA:17,0
DA:18,0
DA:19,0
DA:20,0
DA:21,0
DA:22,0
DA:23,0
DA:24,0
DA:25,0
DA:26,0
DA:27,0
DA:28,0
DA:29,0
DA:39,0
DA:42,0
DA:43,0
DA:44,0
DA:45,0
DA:46,0
DA:47,0
DA:55,0
DA:56,0
DA:57,0
DA:58,0
DA:59,0
DA:60,0
DA:61,0
DA:62,0
DA:63,0
DA:64,0
DA:65,0
DA:66,0
DA:67,0
DA:68,0
DA:70,0
DA:72,0
DA:73,0
DA:79,0
DA:80,0
DA:81,0
DA:82,0
DA:83,0
DA:84,0
DA:85,0
DA:86,0
DA:87,0
DA:88,0
DA:89,0
DA:90,0
DA:91,0
DA:92,0
DA:94,0
DA:96,0
DA:97,0
DA:103,0
DA:104,0
DA:105,0
DA:106,0
DA:107,0
DA:108,0
DA:109,0
DA:110,0
DA:111,0
DA:112,0
DA:113,0
DA:114,0
DA:115,0
DA:116,0
DA:118,0
DA:125,0
DA:126,0
DA:127,0
DA:128,0
DA:129,0
DA:130,0
DA:131,0
DA:132,0
DA:133,0
DA:134,0
DA:135,0
DA:136,0
DA:137,0
DA:138,0
DA:140,0
DA:142,0
DA:143,0
DA:149,0
DA:150,0
DA:151,0
DA:152,0
DA:153,0
DA:154,0
DA:155,0
DA:156,0
DA:157,0
DA:158,0
DA:159,0
DA:160,0
DA:161,0
DA:162,0
DA:164,0
DA:171,0
DA:172,0
DA:173,0
DA:174,0
DA:176,0
DA:178,0
DA:179,0
DA:180,0
DA:182,0
DA:184,0
DA:186,0
DA:188,0
DA:195,0
DA:196,0
DA:197,0
DA:198,0
DA:201,0
DA:202,0
DA:208,0
DA:209,0
DA:210,0
DA:211,0
DA:214,0
DA:215,0
DA:216,0
DA:217,0
LF:134
LH:0
end_of_record
SF:lib/src/models/ticket_weebi_abstract.dart
DA:9,1
DA:10,1
DA:11,0
DA:12,0
DA:16,1
DA:17,3
DA:19,1
DA:21,3
DA:23,1
DA:29,1
DA:30,0
DA:31,0
DA:32,0
DA:34,1
DA:36,1
DA:42,2
DA:43,1
DA:55,1
DA:56,1
DA:73,1
DA:74,1
DA:86,2
DA:108,5
DA:110,0
DA:112,0
DA:113,0
DA:115,0
DA:116,0
DA:118,2
DA:119,1
DA:120,1
DA:121,1
DA:122,2
DA:125,0
DA:127,0
DA:129,0
DA:130,0
DA:132,0
DA:133,0
DA:135,0
DA:136,0
DA:138,0
DA:139,0
DA:140,0
DA:141,0
DA:142,0
DA:143,0
DA:144,0
DA:145,0
DA:146,0
DA:147,0
DA:148,0
DA:149,0
DA:150,0
DA:151,0
DA:152,0
DA:153,0
DA:154,0
DA:155,0
DA:162,0
DA:164,0
DA:165,0
DA:167,0
DA:169,0
DA:171,0
DA:173,0
DA:179,0
DA:180,0
DA:182,0
DA:184,0
DA:186,0
DA:188,0
DA:190,0
DA:192,0
DA:194,0
DA:196,0
LF:76
LH:23
end_of_record
SF:lib/src/models/ticket_mixin_weebi_print.dart
DA:8,0
DA:9,0
DA:10,0
DA:11,0
DA:12,0
DA:15,0
DA:16,0
DA:17,0
DA:18,0
DA:21,0
DA:22,0
DA:23,0
DA:24,0
DA:25,0
DA:28,0
DA:29,0
DA:30,0
DA:31,0
DA:34,0
DA:35,0
DA:36,0
DA:37,0
DA:38,0
DA:40,0
DA:41,0
DA:42,0
DA:43,0
DA:44,0
DA:45,0
DA:46,0
DA:47,0
DA:48,0
DA:49,0
DA:50,0
DA:51,0
DA:55,0
DA:56,0
DA:57,0
DA:58,0
DA:59,0
DA:61,0
DA:62,0
DA:63,0
DA:64,0
DA:65,0
DA:66,0
DA:67,0
DA:68,0
DA:69,0
DA:70,0
DA:71,0
DA:72,0
DA:73,0
DA:74,0
DA:75,0
DA:76,0
DA:77,0
DA:78,0
DA:79,0
DA:80,0
DA:81,0
DA:82,0
DA:83,0
DA:84,0
DA:85,0
DA:86,0
DA:87,0
DA:88,0
DA:89,0
DA:90,0
DA:91,0
DA:92,0
DA:93,0
DA:94,0
DA:95,0
DA:96,0
DA:97,0
DA:98,0
DA:99,0
DA:100,0
DA:101,0
DA:102,0
DA:103,0
DA:104,0
DA:105,0
DA:106,0
DA:107,0
DA:108,0
DA:109,0
DA:110,0
DA:111,0
DA:112,0
DA:113,0
DA:114,0
DA:115,0
DA:116,0
DA:117,0
DA:118,0
DA:119,0
DA:120,0
DA:121,0
DA:122,0
DA:123,0
DA:124,0
DA:125,0
DA:126,0
DA:127,0
DA:128,0
DA:129,0
DA:130,0
DA:131,0
DA:132,0
DA:133,0
DA:134,0
DA:135,0
DA:136,0
DA:137,0
DA:138,0
DA:139,0
DA:140,0
DA:141,0
DA:142,0
DA:143,0
DA:144,0
DA:145,0
DA:146,0
DA:147,0
DA:148,0
DA:149,0
DA:150,0
DA:151,0
DA:152,0
DA:153,0
DA:154,0
DA:155,0
DA:156,0
DA:157,0
DA:158,0
DA:159,0
DA:160,0
DA:161,0
DA:162,0
DA:163,0
DA:164,0
DA:165,0
DA:166,0
DA:167,0
DA:168,0
DA:169,0
DA:170,0
DA:171,0
DA:172,0
DA:173,0
DA:174,0
DA:175,0
DA:176,0
DA:177,0
DA:178,0
DA:179,0
DA:180,0
DA:181,0
DA:182,0
DA:183,0
DA:184,0
DA:185,0
DA:186,0
DA:187,0
DA:188,0
DA:189,0
DA:190,0
DA:191,0
DA:192,0
DA:194,0
DA:195,0
DA:196,0
DA:197,0
DA:198,0
DA:199,0
DA:200,0
DA:201,0
DA:202,0
DA:203,0
DA:204,0
LF:183
LH:0
end_of_record
SF:lib/src/models/ticket_weebi.dart
DA:15,2
DA:33,2
DA:48,0
DA:53,1
DA:56,1
DA:58,1
DA:59,3
DA:60,3
DA:61,3
DA:62,3
DA:63,3
DA:64,3
DA:65,3
DA:66,3
DA:67,3
DA:68,3
DA:69,3
DA:70,3
DA:71,3
DA:72,3
DA:73,3
DA:76,0
DA:79,0
DA:80,0
DA:81,0
DA:82,0
DA:83,0
DA:84,0
DA:85,0
DA:86,0
DA:87,0
DA:88,0
DA:89,0
DA:90,0
DA:91,0
DA:92,0
DA:93,0
DA:94,0
DA:95,0
DA:98,0
DA:100,0
DA:102,0
DA:103,0
DA:104,0
DA:105,0
DA:106,0
DA:107,0
DA:108,0
DA:109,0
DA:110,0
DA:111,0
DA:112,0
DA:113,0
DA:114,0
DA:115,0
DA:118,6
DA:122,4
DA:127,2
DA:133,2
DA:134,2
DA:143,1
DA:144,2
DA:146,1
DA:147,1
DA:148,1
DA:149,1
DA:150,1
DA:151,1
DA:152,1
DA:153,4
DA:154,0
DA:155,2
DA:156,3
DA:157,1
DA:158,1
DA:159,1
DA:160,1
DA:161,2
DA:162,2
DA:163,2
DA:164,1
DA:165,1
DA:167,2
DA:169,2
DA:174,1
DA:175,2
DA:177,1
DA:179,1
DA:180,1
DA:181,1
DA:182,1
DA:183,5
DA:184,2
DA:185,1
DA:186,1
DA:187,1
DA:188,1
DA:189,1
DA:190,2
DA:191,2
DA:192,2
DA:193,1
DA:194,1
DA:195,2
DA:196,2
DA:197,1
DA:201,1
DA:221,1
DA:222,1
DA:223,1
DA:224,1
DA:226,0
DA:227,1
DA:228,1
DA:229,1
DA:231,1
DA:232,1
DA:233,1
DA:234,1
DA:235,1
DA:236,1
DA:237,1
DA:238,1
DA:239,1
DA:240,1
DA:244,0
DA:245,0
DA:247,0
DA:248,0
DA:249,0
DA:252,0
DA:256,0
DA:257,0
DA:258,0
DA:259,0
DA:260,0
DA:261,0
DA:262,0
DA:263,0
DA:264,0
DA:265,0
DA:266,0
DA:267,0
DA:268,0
DA:269,0
DA:271,0
DA:278,0
DA:279,0
DA:280,0
DA:281,0
DA:282,0
DA:283,0
DA:284,0
DA:285,0
DA:286,0
DA:287,0
DA:288,0
DA:289,0
DA:290,0
DA:291,0
DA:293,0
DA:295,0
DA:296,0
DA:302,0
DA:303,0
DA:304,0
DA:305,0
DA:306,0
DA:307,0
DA:308,0
DA:309,0
DA:310,0
DA:311,0
DA:312,0
DA:313,0
DA:314,0
DA:315,0
DA:317,0
DA:324,0
DA:325,0
DA:326,0
DA:327,0
DA:328,0
DA:329,0
DA:330,0
DA:331,0
DA:332,0
DA:333,0
DA:334,0
DA:335,0
DA:336,0
DA:337,0
DA:339,0
DA:346,0
DA:348,0
DA:349,0
DA:350,0
DA:351,0
DA:352,0
DA:353,0
DA:354,0
DA:355,0
DA:356,0
DA:357,0
DA:358,0
DA:359,0
DA:360,0
DA:362,0
DA:369,0
DA:371,0
DA:372,0
DA:373,0
DA:375,0
DA:377,0
DA:378,0
DA:379,0
DA:381,0
DA:383,0
DA:385,0
LF:219
LH:88
end_of_record
SF:lib/src/models/utils/date_range.dart
DA:9,0
DA:10,0
DA:11,0
DA:13,0
DA:15,0
DA:17,0
DA:20,0
DA:23,0
DA:24,0
DA:26,0
DA:27,0
LF:11
LH:0
end_of_record
SF:lib/src/models/utils/two_lists.dart
DA:4,0
LF:1
LH:0
end_of_record
SF:lib/src/reg_exp_decimals.dart
DA:2,0
LF:1
LH:0
end_of_record
